\BOOKMARK [1][-]{section.1}{\376\377\000E\000x\000e\000c\000u\000t\000i\000v\000e\000\040\000S\000u\000m\000m\000a\000r\000y}{}% 1
\BOOKMARK [1][-]{section.2}{\376\377\000I\000n\000t\000r\000o\000d\000u\000c\000t\000i\000o\000n}{}% 2
\BOOKMARK [1][-]{section.3}{\376\377\000L\000e\000a\000d\000e\000r\000s\000h\000i\000p\000\040\000D\000i\000a\000g\000n\000o\000s\000i\000s\000:\000\040\000C\000u\000r\000r\000e\000n\000t\000\040\000S\000t\000y\000l\000e\000s\000\040\000a\000t\000\040\000S\000D\000S}{}% 3
\BOOKMARK [2][-]{subsection.3.1}{\376\377\000C\000o\000e\000r\000c\000i\000v\000e\000\040\000L\000e\000a\000d\000e\000r\000s\000h\000i\000p\000\040\000S\000t\000y\000l\000e\000:\000\040\000C\000E\000O}{section.3}% 4
\BOOKMARK [2][-]{subsection.3.2}{\376\377\000P\000a\000c\000e\000s\000e\000t\000t\000i\000n\000g\000\040\000a\000n\000d\000\040\000M\000i\000c\000r\000o\000m\000a\000n\000a\000g\000e\000m\000e\000n\000t\000:\000\040\000C\000T\000O}{section.3}% 5
\BOOKMARK [2][-]{subsection.3.3}{\376\377\000D\000e\000m\000o\000c\000r\000a\000t\000i\000c\000\040\000L\000e\000a\000d\000e\000r\000s\000h\000i\000p\000\040\000S\000t\000y\000l\000e\000:\000\040\000H\000R\000\040\000D\000i\000r\000e\000c\000t\000o\000r}{section.3}% 6
\BOOKMARK [2][-]{subsection.3.4}{\376\377\000A\000f\000f\000i\000l\000i\000a\000t\000i\000v\000e\000\040\000L\000e\000a\000d\000e\000r\000s\000h\000i\000p\000\040\000S\000t\000y\000l\000e\000:\000\040\000I\000n\000n\000o\000v\000a\000t\000i\000o\000n\000\040\000L\000e\000a\000d}{section.3}% 7
\BOOKMARK [1][-]{section.4}{\376\377\000M\000i\000s\000s\000i\000n\000g\000\040\000L\000e\000a\000d\000e\000r\000s\000h\000i\000p\000\040\000S\000t\000y\000l\000e\000s}{}% 8
\BOOKMARK [2][-]{subsection.4.1}{\376\377\000A\000u\000t\000h\000o\000r\000i\000t\000a\000t\000i\000v\000e\000\040\000\050\000V\000i\000s\000i\000o\000n\000a\000r\000y\000\051\000\040\000L\000e\000a\000d\000e\000r\000s\000h\000i\000p}{section.4}% 9
\BOOKMARK [2][-]{subsection.4.2}{\376\377\000C\000o\000a\000c\000h\000i\000n\000g\000\040\000L\000e\000a\000d\000e\000r\000s\000h\000i\000p}{section.4}% 10
\BOOKMARK [1][-]{section.5}{\376\377\000I\000m\000p\000a\000c\000t\000\040\000o\000n\000\040\000O\000r\000g\000a\000n\000i\000z\000a\000t\000i\000o\000n\000a\000l\000\040\000C\000l\000i\000m\000a\000t\000e}{}% 11
\BOOKMARK [2][-]{subsection.5.1}{\376\377\000I\000m\000p\000a\000c\000t\000\040\000o\000f\000\040\000C\000o\000e\000r\000c\000i\000v\000e\000\040\000L\000e\000a\000d\000e\000r\000s\000h\000i\000p}{section.5}% 12
\BOOKMARK [2][-]{subsection.5.2}{\376\377\000I\000m\000p\000a\000c\000t\000\040\000o\000f\000\040\000P\000a\000c\000e\000s\000e\000t\000t\000i\000n\000g\000\040\000a\000n\000d\000\040\000M\000i\000c\000r\000o\000m\000a\000n\000a\000g\000e\000m\000e\000n\000t}{section.5}% 13
\BOOKMARK [2][-]{subsection.5.3}{\376\377\000I\000m\000p\000a\000c\000t\000\040\000o\000f\000\040\000D\000e\000m\000o\000c\000r\000a\000t\000i\000c\000\040\000L\000e\000a\000d\000e\000r\000s\000h\000i\000p}{section.5}% 14
\BOOKMARK [2][-]{subsection.5.4}{\376\377\000I\000m\000p\000a\000c\000t\000\040\000o\000f\000\040\000A\000f\000f\000i\000l\000i\000a\000t\000i\000v\000e\000\040\000L\000e\000a\000d\000e\000r\000s\000h\000i\000p}{section.5}% 15
\BOOKMARK [1][-]{section.6}{\376\377\000O\000r\000g\000a\000n\000i\000z\000a\000t\000i\000o\000n\000a\000l\000\040\000O\000u\000t\000c\000o\000m\000e\000s\000\040\000a\000n\000d\000\040\000C\000l\000i\000m\000a\000t\000e\000\040\000D\000e\000t\000e\000r\000i\000o\000r\000a\000t\000i\000o\000n}{}% 16
\BOOKMARK [2][-]{subsection.6.1}{\376\377\000D\000e\000l\000a\000y\000s\000\040\000i\000n\000\040\000I\000n\000s\000i\000g\000h\000t\000s\000\040\0004\000.\0000}{section.6}% 17
\BOOKMARK [2][-]{subsection.6.2}{\376\377\000M\000o\000r\000a\000l\000e\000\040\000I\000s\000s\000u\000e\000s}{section.6}% 18
\BOOKMARK [2][-]{subsection.6.3}{\376\377\000P\000o\000o\000r\000\040\000C\000o\000o\000r\000d\000i\000n\000a\000t\000i\000o\000n}{section.6}% 19
\BOOKMARK [1][-]{section.7}{\376\377\000E\000m\000o\000t\000i\000o\000n\000a\000l\000\040\000I\000n\000t\000e\000l\000l\000i\000g\000e\000n\000c\000e\000\040\000D\000e\000f\000i\000c\000i\000t\000s}{}% 20
\BOOKMARK [2][-]{subsection.7.1}{\376\377\000S\000e\000l\000f\000-\000A\000w\000a\000r\000e\000n\000e\000s\000s\000\040\000D\000e\000f\000i\000c\000i\000e\000n\000c\000y}{section.7}% 21
\BOOKMARK [2][-]{subsection.7.2}{\376\377\000S\000e\000l\000f\000-\000M\000a\000n\000a\000g\000e\000m\000e\000n\000t\000\040\000N\000e\000e\000d\000s}{section.7}% 22
\BOOKMARK [2][-]{subsection.7.3}{\376\377\000S\000o\000c\000i\000a\000l\000\040\000A\000w\000a\000r\000e\000n\000e\000s\000s\000\040\000R\000e\000q\000u\000i\000r\000e\000d}{section.7}% 23
\BOOKMARK [2][-]{subsection.7.4}{\376\377\000S\000o\000c\000i\000a\000l\000\040\000S\000k\000i\000l\000l\000s\000\040\000D\000e\000f\000i\000c\000i\000e\000n\000c\000y}{section.7}% 24
\BOOKMARK [1][-]{section.8}{\376\377\000L\000e\000a\000d\000e\000r\000s\000h\000i\000p\000\040\000I\000n\000t\000e\000r\000v\000e\000n\000t\000i\000o\000n\000\040\000P\000l\000a\000n}{}% 25
\BOOKMARK [2][-]{subsection.8.1}{\376\377\000C\000E\000O\000:\000\040\000T\000r\000a\000n\000s\000f\000o\000r\000m\000a\000t\000i\000o\000n\000\040\000t\000o\000\040\000A\000u\000t\000h\000o\000r\000i\000t\000a\000t\000i\000v\000e\000\040\000a\000n\000d\000\040\000A\000f\000f\000i\000l\000i\000a\000t\000i\000v\000e\000\040\000S\000t\000y\000l\000e\000s}{section.8}% 26
\BOOKMARK [2][-]{subsection.8.2}{\376\377\000C\000T\000O\000:\000\040\000T\000r\000a\000n\000s\000f\000o\000r\000m\000a\000t\000i\000o\000n\000\040\000t\000o\000\040\000A\000u\000t\000h\000o\000r\000i\000t\000a\000t\000i\000v\000e\000\040\000a\000n\000d\000\040\000C\000o\000a\000c\000h\000i\000n\000g\000\040\000S\000t\000y\000l\000e\000s}{section.8}% 27
\BOOKMARK [2][-]{subsection.8.3}{\376\377\000H\000R\000\040\000D\000i\000r\000e\000c\000t\000o\000r\000\040\000a\000n\000d\000\040\000I\000n\000n\000o\000v\000a\000t\000i\000o\000n\000\040\000L\000e\000a\000d\000:\000\040\000S\000t\000r\000e\000n\000g\000t\000h\000e\000n\000i\000n\000g\000\040\000S\000o\000c\000i\000a\000l\000\040\000S\000k\000i\000l\000l\000s}{section.8}% 28
\BOOKMARK [1][-]{section.9}{\376\377\000N\000i\000n\000e\000t\000y\000-\000D\000a\000y\000\040\000A\000c\000t\000i\000o\000n\000\040\000P\000l\000a\000n}{}% 29
\BOOKMARK [2][-]{subsection.9.1}{\376\377\000I\000m\000m\000e\000d\000i\000a\000t\000e\000\040\000A\000c\000t\000i\000o\000n\000s\000:\000\040\000D\000a\000y\000s\000\040\0001\000-\0003\0000}{section.9}% 30
\BOOKMARK [2][-]{subsection.9.2}{\376\377\000S\000h\000o\000r\000t\000-\000T\000e\000r\000m\000\040\000A\000c\000t\000i\000o\000n\000s\000:\000\040\000D\000a\000y\000s\000\040\0003\0001\000-\0006\0000}{section.9}% 31
\BOOKMARK [2][-]{subsection.9.3}{\376\377\000M\000i\000d\000-\000T\000e\000r\000m\000\040\000A\000c\000t\000i\000o\000n\000s\000:\000\040\000D\000a\000y\000s\000\040\0006\0001\000-\0009\0000}{section.9}% 32
\BOOKMARK [1][-]{section.10}{\376\377\000E\000x\000p\000e\000c\000t\000e\000d\000\040\000O\000u\000t\000c\000o\000m\000e\000s}{}% 33
\BOOKMARK [1][-]{section.11}{\376\377\000L\000i\000m\000i\000t\000a\000t\000i\000o\000n\000s\000\040\000a\000n\000d\000\040\000F\000u\000t\000u\000r\000e\000\040\000C\000o\000n\000s\000i\000d\000e\000r\000a\000t\000i\000o\000n\000s}{}% 34
\BOOKMARK [1][-]{section.12}{\376\377\000C\000o\000n\000c\000l\000u\000s\000i\000o\000n}{}% 35
\BOOKMARK [1][-]{section.13}{\376\377\000R\000e\000f\000e\000r\000e\000n\000c\000e\000s}{}% 36
\BOOKMARK [1][-]{section.14}{\376\377\000A\000p\000p\000e\000n\000d\000i\000x\000:\000\040\000P\000r\000e\000s\000e\000n\000t\000a\000t\000i\000o\000n\000\040\000L\000i\000n\000k}{}% 37
